#! /usr/bin/vvp
:ivl_version "10.1 (stable)";
:ivl_delay_selection "TYPICAL";
:vpi_time_precision + 0;
:vpi_module "system";
:vpi_module "vhdl_sys";
:vpi_module "v2005_math";
:vpi_module "va_math";
S_0x5642350b9620 .scope module, "test" "test" 2 1;
 .timescale 0 0;
P_0x56423507e650 .param/l "length" 0 2 2, +C4<00000000000000000000000000000010>;
P_0x56423507e690 .param/real "sf" 1 2 8, Cr<m4000000000000000gfbe>; value=0.0625000
v0x5642350b9840_0 .var/i "file", 31 0;
v0x5642350d98a0_0 .var/i "i", 31 0;
v0x5642350d9980 .array "mem", 1 0, 63 0;
v0x5642350d9a50_0 .var/real "stat", 0 0;
v0x5642350d9b10_0 .var/real "val", 0 0;
    .scope S_0x5642350b9620;
T_0 ;
    %vpi_func 2 11 "$fopen" 32, "a.txt", "r" {0 0 0};
    %store/vec4 v0x5642350b9840_0, 0, 32;
    %pushi/vec4 0, 0, 32;
    %store/vec4 v0x5642350d98a0_0, 0, 32;
T_0.0 ;
    %load/vec4 v0x5642350d98a0_0;
    %cmpi/s 2, 0, 32;
    %jmp/0xz T_0.1, 5;
    %vpi_func 2 14 "$fscanf" 32, v0x5642350b9840_0, "%f\012", v0x5642350d9b10_0 {0 0 0};
    %cvt/rv;
    %store/real v0x5642350d9a50_0;
    %vpi_func 2 15 "$realtobits" 64, v0x5642350d9b10_0 {0 0 0};
    %ix/getv/s 4, v0x5642350d98a0_0;
    %store/vec4a v0x5642350d9980, 4, 0;
    %load/vec4 v0x5642350d98a0_0;
    %addi 1, 0, 32;
    %store/vec4 v0x5642350d98a0_0, 0, 32;
    %jmp T_0.0;
T_0.1 ;
    %vpi_call 2 17 "$fclose", v0x5642350b9840_0 {0 0 0};
    %vpi_func/r 2 18 "$bitstoreal", &A<v0x5642350d9980, 0> {0 0 0};
    %vpi_func/r 2 18 "$bitstoreal", &A<v0x5642350d9980, 1> {0 0 0};
    %vpi_call 2 18 "$display", "%f,%f", W<1,r>, W<0,r> {0 2 0};
    %end;
    .thread T_0;
# The file index is used to find the file name in the following table.
:file_names 3;
    "N/A";
    "<interactive>";
    "test.v";
